<?xml version="1.0" encoding="UTF-8"?>
<testng-results ignored="0" total="17" passed="17" failed="0" skipped="0">
  <reporter-output>
  </reporter-output>
  <suite started-at="2026-03-18T13:02:34 IST" name="API BDD Test Suite" finished-at="2026-03-18T13:02:49 IST" duration-ms="14518">
    <groups>
      <group name="cucumber">
        <method signature="AbstractTestNGCucumberTests.runScenario(io.cucumber.testng.PickleWrapper,io.cucumber.testng.FeatureWrapper)[pri:0, instance:runner.TestRunner@6e0dec4a]" name="runScenario" class="io.cucumber.testng.AbstractTestNGCucumberTests"/>
      </group> <!-- cucumber -->
    </groups>
    <test started-at="2026-03-18T13:02:34 IST" name="All API Tests" finished-at="2026-03-18T13:02:49 IST" duration-ms="14518">
      <class name="runner.TestRunner">
        <test-method is-config="true" signature="setUpClass(org.testng.ITestContext)[pri:0, instance:runner.TestRunner@6e0dec4a]" started-at="2026-03-18T13:02:34 IST" name="setUpClass" finished-at="2026-03-18T13:02:35 IST" duration-ms="1112" status="PASS">
          <params>
            <param index="0">
              <value>
                <![CDATA[org.testng.TestRunner@2dbf2da]]>
              </value>
            </param>
          </params>
          <reporter-output>
          </reporter-output>
        </test-method> <!-- setUpClass -->
        <test-method signature="runScenario(io.cucumber.testng.PickleWrapper,io.cucumber.testng.FeatureWrapper)[pri:0, instance:runner.TestRunner@6e0dec4a]" started-at="2026-03-18T13:02:35 IST" name="runScenario" description="Runs Cucumber Scenarios" data-provider="scenarios" finished-at="2026-03-18T13:02:40 IST" duration-ms="4498" status="PASS">
          <params>
            <param index="0">
              <value>
                <![CDATA["Login with valid credentials returns token"]]>
              </value>
            </param>
            <param index="1">
              <value>
                <![CDATA["Authentication API"]]>
              </value>
            </param>
          </params>
          <reporter-output>
          </reporter-output>
        </test-method> <!-- runScenario -->
        <test-method signature="runScenario(io.cucumber.testng.PickleWrapper,io.cucumber.testng.FeatureWrapper)[pri:0, instance:runner.TestRunner@6e0dec4a]" started-at="2026-03-18T13:02:40 IST" name="runScenario" description="Runs Cucumber Scenarios" data-provider="scenarios" finished-at="2026-03-18T13:02:40 IST" duration-ms="569" status="PASS">
          <params>
            <param index="0">
              <value>
                <![CDATA["Login with wrong password returns 400"]]>
              </value>
            </param>
            <param index="1">
              <value>
                <![CDATA["Authentication API"]]>
              </value>
            </param>
          </params>
          <reporter-output>
          </reporter-output>
        </test-method> <!-- runScenario -->
        <test-method signature="runScenario(io.cucumber.testng.PickleWrapper,io.cucumber.testng.FeatureWrapper)[pri:0, instance:runner.TestRunner@6e0dec4a]" started-at="2026-03-18T13:02:40 IST" name="runScenario" description="Runs Cucumber Scenarios" data-provider="scenarios" finished-at="2026-03-18T13:02:41 IST" duration-ms="554" status="PASS">
          <params>
            <param index="0">
              <value>
                <![CDATA["Login with missing password returns 400"]]>
              </value>
            </param>
            <param index="1">
              <value>
                <![CDATA["Authentication API"]]>
              </value>
            </param>
          </params>
          <reporter-output>
          </reporter-output>
        </test-method> <!-- runScenario -->
        <test-method signature="runScenario(io.cucumber.testng.PickleWrapper,io.cucumber.testng.FeatureWrapper)[pri:0, instance:runner.TestRunner@6e0dec4a]" started-at="2026-03-18T13:02:41 IST" name="runScenario" description="Runs Cucumber Scenarios" data-provider="scenarios" finished-at="2026-03-18T13:02:41 IST" duration-ms="517" status="PASS">
          <params>
            <param index="0">
              <value>
                <![CDATA["Login with missing username returns 400"]]>
              </value>
            </param>
            <param index="1">
              <value>
                <![CDATA["Authentication API"]]>
              </value>
            </param>
          </params>
          <reporter-output>
          </reporter-output>
        </test-method> <!-- runScenario -->
        <test-method signature="runScenario(io.cucumber.testng.PickleWrapper,io.cucumber.testng.FeatureWrapper)[pri:0, instance:runner.TestRunner@6e0dec4a]" started-at="2026-03-18T13:02:41 IST" name="runScenario" description="Runs Cucumber Scenarios" data-provider="scenarios" finished-at="2026-03-18T13:02:42 IST" duration-ms="530" status="PASS">
          <params>
            <param index="0">
              <value>
                <![CDATA["Register with valid credentials returns token"]]>
              </value>
            </param>
            <param index="1">
              <value>
                <![CDATA["Authentication API"]]>
              </value>
            </param>
          </params>
          <reporter-output>
          </reporter-output>
        </test-method> <!-- runScenario -->
        <test-method signature="runScenario(io.cucumber.testng.PickleWrapper,io.cucumber.testng.FeatureWrapper)[pri:0, instance:runner.TestRunner@6e0dec4a]" started-at="2026-03-18T13:02:42 IST" name="runScenario" description="Runs Cucumber Scenarios" data-provider="scenarios" finished-at="2026-03-18T13:02:43 IST" duration-ms="549" status="PASS">
          <params>
            <param index="0">
              <value>
                <![CDATA["Register without password returns 400"]]>
              </value>
            </param>
            <param index="1">
              <value>
                <![CDATA["Authentication API"]]>
              </value>
            </param>
          </params>
          <reporter-output>
          </reporter-output>
        </test-method> <!-- runScenario -->
        <test-method signature="runScenario(io.cucumber.testng.PickleWrapper,io.cucumber.testng.FeatureWrapper)[pri:0, instance:runner.TestRunner@6e0dec4a]" started-at="2026-03-18T13:02:43 IST" name="runScenario" description="Runs Cucumber Scenarios" data-provider="scenarios" finished-at="2026-03-18T13:02:43 IST" duration-ms="566" status="PASS">
          <params>
            <param index="0">
              <value>
                <![CDATA["Get a single user successfully"]]>
              </value>
            </param>
            <param index="1">
              <value>
                <![CDATA["User Management API"]]>
              </value>
            </param>
          </params>
          <reporter-output>
          </reporter-output>
        </test-method> <!-- runScenario -->
        <test-method signature="runScenario(io.cucumber.testng.PickleWrapper,io.cucumber.testng.FeatureWrapper)[pri:0, instance:runner.TestRunner@6e0dec4a]" started-at="2026-03-18T13:02:43 IST" name="runScenario" description="Runs Cucumber Scenarios" data-provider="scenarios" finished-at="2026-03-18T13:02:44 IST" duration-ms="597" status="PASS">
          <params>
            <param index="0">
              <value>
                <![CDATA["Get list of users successfully"]]>
              </value>
            </param>
            <param index="1">
              <value>
                <![CDATA["User Management API"]]>
              </value>
            </param>
          </params>
          <reporter-output>
          </reporter-output>
        </test-method> <!-- runScenario -->
        <test-method signature="runScenario(io.cucumber.testng.PickleWrapper,io.cucumber.testng.FeatureWrapper)[pri:0, instance:runner.TestRunner@6e0dec4a]" started-at="2026-03-18T13:02:44 IST" name="runScenario" description="Runs Cucumber Scenarios" data-provider="scenarios" finished-at="2026-03-18T13:02:44 IST" duration-ms="542" status="PASS">
          <params>
            <param index="0">
              <value>
                <![CDATA["Get users on page 2"]]>
              </value>
            </param>
            <param index="1">
              <value>
                <![CDATA["User Management API"]]>
              </value>
            </param>
          </params>
          <reporter-output>
          </reporter-output>
        </test-method> <!-- runScenario -->
        <test-method signature="runScenario(io.cucumber.testng.PickleWrapper,io.cucumber.testng.FeatureWrapper)[pri:0, instance:runner.TestRunner@6e0dec4a]" started-at="2026-03-18T13:02:44 IST" name="runScenario" description="Runs Cucumber Scenarios" data-provider="scenarios" finished-at="2026-03-18T13:02:45 IST" duration-ms="596" status="PASS">
          <params>
            <param index="0">
              <value>
                <![CDATA["Get a non-existent user returns 404"]]>
              </value>
            </param>
            <param index="1">
              <value>
                <![CDATA["User Management API"]]>
              </value>
            </param>
          </params>
          <reporter-output>
          </reporter-output>
        </test-method> <!-- runScenario -->
        <test-method signature="runScenario(io.cucumber.testng.PickleWrapper,io.cucumber.testng.FeatureWrapper)[pri:0, instance:runner.TestRunner@6e0dec4a]" started-at="2026-03-18T13:02:45 IST" name="runScenario" description="Runs Cucumber Scenarios" data-provider="scenarios" finished-at="2026-03-18T13:02:45 IST" duration-ms="501" status="PASS">
          <params>
            <param index="0">
              <value>
                <![CDATA["Get users on non-existent page returns empty list"]]>
              </value>
            </param>
            <param index="1">
              <value>
                <![CDATA["User Management API"]]>
              </value>
            </param>
          </params>
          <reporter-output>
          </reporter-output>
        </test-method> <!-- runScenario -->
        <test-method signature="runScenario(io.cucumber.testng.PickleWrapper,io.cucumber.testng.FeatureWrapper)[pri:0, instance:runner.TestRunner@6e0dec4a]" started-at="2026-03-18T13:02:45 IST" name="runScenario" description="Runs Cucumber Scenarios" data-provider="scenarios" finished-at="2026-03-18T13:02:46 IST" duration-ms="515" status="PASS">
          <params>
            <param index="0">
              <value>
                <![CDATA["Create a new user successfully"]]>
              </value>
            </param>
            <param index="1">
              <value>
                <![CDATA["User Management API"]]>
              </value>
            </param>
          </params>
          <reporter-output>
          </reporter-output>
        </test-method> <!-- runScenario -->
        <test-method signature="runScenario(io.cucumber.testng.PickleWrapper,io.cucumber.testng.FeatureWrapper)[pri:0, instance:runner.TestRunner@6e0dec4a]" started-at="2026-03-18T13:02:46 IST" name="runScenario" description="Runs Cucumber Scenarios" data-provider="scenarios" finished-at="2026-03-18T13:02:46 IST" duration-ms="514" status="PASS">
          <params>
            <param index="0">
              <value>
                <![CDATA["Create another user with different role"]]>
              </value>
            </param>
            <param index="1">
              <value>
                <![CDATA["User Management API"]]>
              </value>
            </param>
          </params>
          <reporter-output>
          </reporter-output>
        </test-method> <!-- runScenario -->
        <test-method signature="runScenario(io.cucumber.testng.PickleWrapper,io.cucumber.testng.FeatureWrapper)[pri:0, instance:runner.TestRunner@6e0dec4a]" started-at="2026-03-18T13:02:46 IST" name="runScenario" description="Runs Cucumber Scenarios" data-provider="scenarios" finished-at="2026-03-18T13:02:47 IST" duration-ms="487" status="PASS">
          <params>
            <param index="0">
              <value>
                <![CDATA["Create user with empty body"]]>
              </value>
            </param>
            <param index="1">
              <value>
                <![CDATA["User Management API"]]>
              </value>
            </param>
          </params>
          <reporter-output>
          </reporter-output>
        </test-method> <!-- runScenario -->
        <test-method signature="runScenario(io.cucumber.testng.PickleWrapper,io.cucumber.testng.FeatureWrapper)[pri:0, instance:runner.TestRunner@6e0dec4a]" started-at="2026-03-18T13:02:47 IST" name="runScenario" description="Runs Cucumber Scenarios" data-provider="scenarios" finished-at="2026-03-18T13:02:47 IST" duration-ms="542" status="PASS">
          <params>
            <param index="0">
              <value>
                <![CDATA["Full update of a user successfully"]]>
              </value>
            </param>
            <param index="1">
              <value>
                <![CDATA["User Management API"]]>
              </value>
            </param>
          </params>
          <reporter-output>
          </reporter-output>
        </test-method> <!-- runScenario -->
        <test-method signature="runScenario(io.cucumber.testng.PickleWrapper,io.cucumber.testng.FeatureWrapper)[pri:0, instance:runner.TestRunner@6e0dec4a]" started-at="2026-03-18T13:02:47 IST" name="runScenario" description="Runs Cucumber Scenarios" data-provider="scenarios" finished-at="2026-03-18T13:02:48 IST" duration-ms="527" status="PASS">
          <params>
            <param index="0">
              <value>
                <![CDATA["Partial update of a user successfully"]]>
              </value>
            </param>
            <param index="1">
              <value>
                <![CDATA["User Management API"]]>
              </value>
            </param>
          </params>
          <reporter-output>
          </reporter-output>
        </test-method> <!-- runScenario -->
        <test-method signature="runScenario(io.cucumber.testng.PickleWrapper,io.cucumber.testng.FeatureWrapper)[pri:0, instance:runner.TestRunner@6e0dec4a]" started-at="2026-03-18T13:02:48 IST" name="runScenario" description="Runs Cucumber Scenarios" data-provider="scenarios" finished-at="2026-03-18T13:02:48 IST" duration-ms="491" status="PASS">
          <params>
            <param index="0">
              <value>
                <![CDATA["Delete an existing user successfully"]]>
              </value>
            </param>
            <param index="1">
              <value>
                <![CDATA["User Management API"]]>
              </value>
            </param>
          </params>
          <reporter-output>
          </reporter-output>
        </test-method> <!-- runScenario -->
        <test-method is-config="true" signature="tearDownClass()[pri:0, instance:runner.TestRunner@6e0dec4a]" started-at="2026-03-18T13:02:48 IST" name="tearDownClass" finished-at="2026-03-18T13:02:49 IST" duration-ms="205" status="PASS">
          <reporter-output>
          </reporter-output>
        </test-method> <!-- tearDownClass -->
      </class> <!-- runner.TestRunner -->
    </test> <!-- All API Tests -->
  </suite> <!-- API BDD Test Suite -->
</testng-results>
