<?xml version="1.0" encoding="UTF-8"?>
<!-- Generated by org.testng.reporters.JUnitReportReporter -->
<testsuite hostname="Ghoshas-Mac-mini-4.local" failures="0" tests="17" name="runner.TestRunner" time="13.095" errors="0" timestamp="2026-03-18T13:02:54 IST" skipped="0">
  <testcase classname="runner.TestRunner" name="runScenario" time="0.542"/>
  <testcase classname="runner.TestRunner" name="runScenario" time="0.530"/>
  <testcase classname="runner.TestRunner" name="runScenario" time="0.597"/>
  <testcase classname="runner.TestRunner" name="runScenario" time="0.515"/>
  <testcase classname="runner.TestRunner" name="runScenario" time="0.514"/>
  <testcase classname="runner.TestRunner" name="runScenario" time="4.498"/>
  <testcase classname="runner.TestRunner" name="runScenario" time="0.549"/>
  <testcase classname="runner.TestRunner" name="runScenario" time="0.542"/>
  <testcase classname="runner.TestRunner" name="runScenario" time="0.527"/>
  <testcase classname="runner.TestRunner" name="runScenario" time="0.569"/>
  <testcase classname="runner.TestRunner" name="runScenario" time="0.566"/>
  <testcase classname="runner.TestRunner" name="runScenario" time="0.491"/>
  <testcase classname="runner.TestRunner" name="runScenario" time="0.487"/>
  <testcase classname="runner.TestRunner" name="runScenario" time="0.501"/>
  <testcase classname="runner.TestRunner" name="runScenario" time="0.596"/>
  <testcase classname="runner.TestRunner" name="runScenario" time="0.517"/>
  <testcase classname="runner.TestRunner" name="runScenario" time="0.554"/>
</testsuite> <!-- runner.TestRunner -->
